<?xml version="1.0" encoding="UTF-8"?>
<testsuite xmlns:xsi="http://www.w3.org/2001/XMLSchema-instance" xsi:noNamespaceSchemaLocation="https://maven.apache.org/surefire/maven-surefire-plugin/xsd/surefire-test-report.xsd" name="com.revature.daos.ReimbursementReqDaoTest" time="7.58" tests="9" errors="0" skipped="0" failures="0">
  <properties>
[...]
</properties>
  <testcase name="resolveReimbursementReqWorks" classname="com.revature.daos.ReimbursementReqDaoTest" time="0.752"/>
  <testcase name="getResolvedFromEmployeeReturnsResolvedFromEmployee" classname="com.revature.daos.ReimbursementReqDaoTest" time="0.73"/>
  <testcase name="getAllPendingReturnsAllPending" classname="com.revature.daos.ReimbursementReqDaoTest" time="0.945"/>
  <testcase name="getAllFromEmployeeReturnsAllFromEmployee" classname="com.revature.daos.ReimbursementReqDaoTest" time="0.839"/>
  <testcase name="getAllReturnsAll" classname="com.revature.daos.ReimbursementReqDaoTest" time="0.812"/>
  <testcase name="getAllResolvedReturnsAllResolved" classname="com.revature.daos.ReimbursementReqDaoTest" time="0.798"/>
  <testcase name="insertReimbursementReqInsertsValidReq" classname="com.revature.daos.ReimbursementReqDaoTest" time="0.593"/>
  <testcase name="getPendingFromEmployeeReturnsPendingFromEmployee" classname="com.revature.daos.ReimbursementReqDaoTest" time="0.816"/>
  <testcase name="getReqByIdReturnsRightRequest" classname="com.revature.daos.ReimbursementReqDaoTest" time="0.958"/>
</testsuite>